c:\game dev\github projects\directx tutorial\dx11tut02\engine\engine\debug\vc143.pdb
c:\game dev\github projects\directx tutorial\dx11tut02\engine\engine\debug\vc143.idb
c:\game dev\github projects\directx tutorial\dx11tut02\engine\engine\debug\textureclass.obj
c:\game dev\github projects\directx tutorial\dx11tut02\engine\engine\debug\textclass.obj
c:\game dev\github projects\directx tutorial\dx11tut02\engine\engine\debug\systemclass.obj
c:\game dev\github projects\directx tutorial\dx11tut02\engine\engine\debug\paddleclass.obj
c:\game dev\github projects\directx tutorial\dx11tut02\engine\engine\debug\modelclass.obj
c:\game dev\github projects\directx tutorial\dx11tut02\engine\engine\debug\main.obj
c:\game dev\github projects\directx tutorial\dx11tut02\engine\engine\debug\inputclass.obj
c:\game dev\github projects\directx tutorial\dx11tut02\engine\engine\debug\graphicsclass.obj
c:\game dev\github projects\directx tutorial\dx11tut02\engine\engine\debug\gamemanagerclass.obj
c:\game dev\github projects\directx tutorial\dx11tut02\engine\engine\debug\fontshaderclass.obj
c:\game dev\github projects\directx tutorial\dx11tut02\engine\engine\debug\fontclass.obj
c:\game dev\github projects\directx tutorial\dx11tut02\engine\engine\debug\d3dclass.obj
c:\game dev\github projects\directx tutorial\dx11tut02\engine\engine\debug\colorshaderclass.obj
c:\game dev\github projects\directx tutorial\dx11tut02\engine\engine\debug\cameraclass.obj
c:\game dev\github projects\directx tutorial\dx11tut02\engine\engine\debug\ballclass.obj
c:\game dev\github projects\directx tutorial\dx11tut02\engine\engine\debug\arenaclass.obj
c:\game dev\github projects\directx tutorial\dx11tut02\engine\debug\engine.pdb
c:\game dev\github projects\directx tutorial\dx11tut02\engine\engine\debug\engine.tlog\cl.command.1.tlog
c:\game dev\github projects\directx tutorial\dx11tut02\engine\engine\debug\engine.tlog\cl.read.1.tlog
c:\game dev\github projects\directx tutorial\dx11tut02\engine\engine\debug\engine.tlog\cl.write.1.tlog
c:\game dev\github projects\directx tutorial\dx11tut02\engine\engine\debug\engine.tlog\link-cvtres.read.1.tlog
c:\game dev\github projects\directx tutorial\dx11tut02\engine\engine\debug\engine.tlog\link-cvtres.write.1.tlog
c:\game dev\github projects\directx tutorial\dx11tut02\engine\engine\debug\engine.tlog\link-rc.read.1.tlog
c:\game dev\github projects\directx tutorial\dx11tut02\engine\engine\debug\engine.tlog\link-rc.write.1.tlog
c:\game dev\github projects\directx tutorial\dx11tut02\engine\engine\debug\engine.tlog\link.command.1.tlog
c:\game dev\github projects\directx tutorial\dx11tut02\engine\engine\debug\engine.tlog\link.read.1.tlog
c:\game dev\github projects\directx tutorial\dx11tut02\engine\engine\debug\engine.tlog\link.write.1.tlog
